{
  "/Users/bala/github/holepunchto/hrpc-c/lib/errors.js": {
    "path": "/Users/bala/github/holepunchto/hrpc-c/lib/errors.js",
    "all": false,
    "statementMap": {
      "0": { "start": { "line": 1, "column": 0 }, "end": { "line": 1, "column": 51 } },
      "1": { "start": { "line": 2, "column": 0 }, "end": { "line": 2, "column": 45 } },
      "2": { "start": { "line": 3, "column": 0 }, "end": { "line": 3, "column": 28 } },
      "3": { "start": { "line": 4, "column": 0 }, "end": { "line": 4, "column": 20 } },
      "4": { "start": { "line": 5, "column": 0 }, "end": { "line": 5, "column": 66 } },
      "5": { "start": { "line": 6, "column": 0 }, "end": { "line": 6, "column": 3 } },
      "6": { "start": { "line": 7, "column": 0 }, "end": { "line": 7, "column": 0 } },
      "7": { "start": { "line": 8, "column": 0 }, "end": { "line": 8, "column": 14 } },
      "8": { "start": { "line": 9, "column": 0 }, "end": { "line": 9, "column": 25 } },
      "9": { "start": { "line": 10, "column": 0 }, "end": { "line": 10, "column": 3 } },
      "10": { "start": { "line": 11, "column": 0 }, "end": { "line": 11, "column": 0 } },
      "11": { "start": { "line": 12, "column": 0 }, "end": { "line": 12, "column": 36 } },
      "12": { "start": { "line": 13, "column": 0 }, "end": { "line": 13, "column": 91 } },
      "13": { "start": { "line": 14, "column": 0 }, "end": { "line": 14, "column": 3 } },
      "14": { "start": { "line": 15, "column": 0 }, "end": { "line": 15, "column": 0 } },
      "15": { "start": { "line": 16, "column": 0 }, "end": { "line": 16, "column": 38 } },
      "16": { "start": { "line": 17, "column": 0 }, "end": { "line": 17, "column": 95 } },
      "17": { "start": { "line": 18, "column": 0 }, "end": { "line": 18, "column": 3 } },
      "18": { "start": { "line": 19, "column": 0 }, "end": { "line": 19, "column": 0 } },
      "19": { "start": { "line": 20, "column": 0 }, "end": { "line": 20, "column": 32 } },
      "20": { "start": { "line": 21, "column": 0 }, "end": { "line": 21, "column": 83 } },
      "21": { "start": { "line": 22, "column": 0 }, "end": { "line": 22, "column": 3 } },
      "22": { "start": { "line": 23, "column": 0 }, "end": { "line": 23, "column": 0 } },
      "23": { "start": { "line": 24, "column": 0 }, "end": { "line": 24, "column": 32 } },
      "24": { "start": { "line": 25, "column": 0 }, "end": { "line": 25, "column": 83 } },
      "25": { "start": { "line": 26, "column": 0 }, "end": { "line": 26, "column": 3 } },
      "26": { "start": { "line": 27, "column": 0 }, "end": { "line": 27, "column": 0 } },
      "27": { "start": { "line": 28, "column": 0 }, "end": { "line": 28, "column": 35 } },
      "28": { "start": { "line": 29, "column": 0 }, "end": { "line": 29, "column": 89 } },
      "29": { "start": { "line": 30, "column": 0 }, "end": { "line": 30, "column": 3 } },
      "30": { "start": { "line": 31, "column": 0 }, "end": { "line": 31, "column": 1 } }
    },
    "s": {
      "0": 1,
      "1": 1,
      "2": 3,
      "3": 3,
      "4": 3,
      "5": 3,
      "6": 1,
      "7": 1,
      "8": 2,
      "9": 2,
      "10": 1,
      "11": 1,
      "12": 1,
      "13": 1,
      "14": 1,
      "15": 1,
      "16": 0,
      "17": 0,
      "18": 1,
      "19": 1,
      "20": 2,
      "21": 2,
      "22": 1,
      "23": 1,
      "24": 0,
      "25": 0,
      "26": 1,
      "27": 1,
      "28": 0,
      "29": 0,
      "30": 1
    },
    "branchMap": {
      "0": {
        "type": "branch",
        "line": 1,
        "loc": { "start": { "line": 1, "column": 0 }, "end": { "line": 31, "column": 1 } },
        "locations": [{ "start": { "line": 1, "column": 0 }, "end": { "line": 31, "column": 1 } }]
      },
      "1": {
        "type": "branch",
        "line": 2,
        "loc": { "start": { "line": 2, "column": 2 }, "end": { "line": 6, "column": 3 } },
        "locations": [{ "start": { "line": 2, "column": 2 }, "end": { "line": 6, "column": 3 } }]
      },
      "2": {
        "type": "branch",
        "line": 8,
        "loc": { "start": { "line": 8, "column": 2 }, "end": { "line": 10, "column": 3 } },
        "locations": [{ "start": { "line": 8, "column": 2 }, "end": { "line": 10, "column": 3 } }]
      },
      "3": {
        "type": "branch",
        "line": 12,
        "loc": { "start": { "line": 12, "column": 9 }, "end": { "line": 14, "column": 3 } },
        "locations": [{ "start": { "line": 12, "column": 9 }, "end": { "line": 14, "column": 3 } }]
      },
      "4": {
        "type": "branch",
        "line": 20,
        "loc": { "start": { "line": 20, "column": 9 }, "end": { "line": 22, "column": 3 } },
        "locations": [{ "start": { "line": 20, "column": 9 }, "end": { "line": 22, "column": 3 } }]
      }
    },
    "b": { "0": [1], "1": [3], "2": [2], "3": [1], "4": [2] },
    "fnMap": {
      "0": {
        "name": "CodegenError",
        "decl": { "start": { "line": 2, "column": 2 }, "end": { "line": 6, "column": 3 } },
        "loc": { "start": { "line": 2, "column": 2 }, "end": { "line": 6, "column": 3 } },
        "line": 2
      },
      "1": {
        "name": "get name",
        "decl": { "start": { "line": 8, "column": 2 }, "end": { "line": 10, "column": 3 } },
        "loc": { "start": { "line": 8, "column": 2 }, "end": { "line": 10, "column": 3 } },
        "line": 8
      },
      "2": {
        "name": "INVALID_HANDLER_NAME",
        "decl": { "start": { "line": 12, "column": 9 }, "end": { "line": 14, "column": 3 } },
        "loc": { "start": { "line": 12, "column": 9 }, "end": { "line": 14, "column": 3 } },
        "line": 12
      },
      "3": {
        "name": "DUPLICATE_COMMAND_NAME",
        "decl": { "start": { "line": 16, "column": 9 }, "end": { "line": 18, "column": 3 } },
        "loc": { "start": { "line": 16, "column": 9 }, "end": { "line": 18, "column": 3 } },
        "line": 16
      },
      "4": {
        "name": "UNSUPPORTED_TYPE",
        "decl": { "start": { "line": 20, "column": 9 }, "end": { "line": 22, "column": 3 } },
        "loc": { "start": { "line": 20, "column": 9 }, "end": { "line": 22, "column": 3 } },
        "line": 20
      },
      "5": {
        "name": "MISSING_RESPONSE",
        "decl": { "start": { "line": 24, "column": 9 }, "end": { "line": 26, "column": 3 } },
        "loc": { "start": { "line": 24, "column": 9 }, "end": { "line": 26, "column": 3 } },
        "line": 24
      },
      "6": {
        "name": "UNSUPPORTED_HANDLER",
        "decl": { "start": { "line": 28, "column": 9 }, "end": { "line": 30, "column": 3 } },
        "loc": { "start": { "line": 28, "column": 9 }, "end": { "line": 30, "column": 3 } },
        "line": 28
      }
    },
    "f": { "0": 3, "1": 2, "2": 1, "3": 0, "4": 2, "5": 0, "6": 0 }
  },
  "/Users/bala/github/holepunchto/hrpc-c/lib/naming.js": {
    "path": "/Users/bala/github/holepunchto/hrpc-c/lib/naming.js",
    "all": false,
    "statementMap": {
      "0": { "start": { "line": 1, "column": 0 }, "end": { "line": 1, "column": 34 } },
      "1": { "start": { "line": 2, "column": 0 }, "end": { "line": 2, "column": 0 } },
      "2": { "start": { "line": 3, "column": 0 }, "end": { "line": 3, "column": 53 } },
      "3": { "start": { "line": 4, "column": 0 }, "end": { "line": 4, "column": 0 } },
      "4": { "start": { "line": 5, "column": 0 }, "end": { "line": 5, "column": 24 } },
      "5": { "start": { "line": 6, "column": 0 }, "end": { "line": 6, "column": 13 } },
      "6": { "start": { "line": 7, "column": 0 }, "end": { "line": 7, "column": 43 } },
      "7": { "start": { "line": 8, "column": 0 }, "end": { "line": 8, "column": 23 } },
      "8": { "start": { "line": 9, "column": 0 }, "end": { "line": 9, "column": 18 } },
      "9": { "start": { "line": 10, "column": 0 }, "end": { "line": 10, "column": 1 } },
      "10": { "start": { "line": 11, "column": 0 }, "end": { "line": 11, "column": 0 } },
      "11": { "start": { "line": 12, "column": 0 }, "end": { "line": 12, "column": 24 } },
      "12": { "start": { "line": 13, "column": 0 }, "end": { "line": 13, "column": 25 } },
      "13": { "start": { "line": 14, "column": 0 }, "end": { "line": 14, "column": 11 } },
      "14": { "start": { "line": 15, "column": 0 }, "end": { "line": 15, "column": 38 } },
      "15": { "start": { "line": 16, "column": 0 }, "end": { "line": 16, "column": 69 } },
      "16": { "start": { "line": 17, "column": 0 }, "end": { "line": 17, "column": 5 } },
      "17": { "start": { "line": 18, "column": 0 }, "end": { "line": 18, "column": 3 } },
      "18": { "start": { "line": 19, "column": 0 }, "end": { "line": 19, "column": 33 } },
      "19": { "start": { "line": 20, "column": 0 }, "end": { "line": 20, "column": 1 } },
      "20": { "start": { "line": 21, "column": 0 }, "end": { "line": 21, "column": 0 } },
      "21": { "start": { "line": 22, "column": 0 }, "end": { "line": 22, "column": 29 } },
      "22": { "start": { "line": 23, "column": 0 }, "end": { "line": 23, "column": 25 } },
      "23": { "start": { "line": 24, "column": 0 }, "end": { "line": 24, "column": 11 } },
      "24": { "start": { "line": 25, "column": 0 }, "end": { "line": 25, "column": 34 } },
      "25": { "start": { "line": 26, "column": 0 }, "end": { "line": 26, "column": 102 } },
      "26": { "start": { "line": 27, "column": 0 }, "end": { "line": 27, "column": 5 } },
      "27": { "start": { "line": 28, "column": 0 }, "end": { "line": 28, "column": 3 } },
      "28": { "start": { "line": 29, "column": 0 }, "end": { "line": 29, "column": 44 } },
      "29": { "start": { "line": 30, "column": 0 }, "end": { "line": 30, "column": 1 } },
      "30": { "start": { "line": 31, "column": 0 }, "end": { "line": 31, "column": 0 } },
      "31": { "start": { "line": 32, "column": 0 }, "end": { "line": 32, "column": 29 } },
      "32": { "start": { "line": 33, "column": 0 }, "end": { "line": 33, "column": 17 } },
      "33": { "start": { "line": 34, "column": 0 }, "end": { "line": 34, "column": 34 } },
      "34": { "start": { "line": 35, "column": 0 }, "end": { "line": 35, "column": 35 } },
      "35": { "start": { "line": 36, "column": 0 }, "end": { "line": 36, "column": 41 } },
      "36": { "start": { "line": 37, "column": 0 }, "end": { "line": 37, "column": 3 } },
      "37": { "start": { "line": 38, "column": 0 }, "end": { "line": 38, "column": 13 } },
      "38": { "start": { "line": 39, "column": 0 }, "end": { "line": 39, "column": 1 } },
      "39": { "start": { "line": 40, "column": 0 }, "end": { "line": 40, "column": 0 } },
      "40": { "start": { "line": 41, "column": 0 }, "end": { "line": 41, "column": 27 } },
      "41": { "start": { "line": 42, "column": 0 }, "end": { "line": 42, "column": 60 } },
      "42": { "start": { "line": 43, "column": 0 }, "end": { "line": 43, "column": 1 } },
      "43": { "start": { "line": 44, "column": 0 }, "end": { "line": 44, "column": 0 } },
      "44": { "start": { "line": 45, "column": 0 }, "end": { "line": 45, "column": 33 } },
      "45": { "start": { "line": 46, "column": 0 }, "end": { "line": 46, "column": 62 } },
      "46": { "start": { "line": 47, "column": 0 }, "end": { "line": 47, "column": 1 } },
      "47": { "start": { "line": 48, "column": 0 }, "end": { "line": 48, "column": 0 } },
      "48": { "start": { "line": 49, "column": 0 }, "end": { "line": 49, "column": 97 } }
    },
    "s": {
      "0": 1,
      "1": 1,
      "2": 1,
      "3": 1,
      "4": 7,
      "5": 7,
      "6": 7,
      "7": 7,
      "8": 7,
      "9": 7,
      "10": 1,
      "11": 4,
      "12": 4,
      "13": 4,
      "14": 1,
      "15": 1,
      "16": 1,
      "17": 1,
      "18": 3,
      "19": 4,
      "20": 1,
      "21": 2,
      "22": 2,
      "23": 2,
      "24": 1,
      "25": 1,
      "26": 1,
      "27": 1,
      "28": 1,
      "29": 2,
      "30": 1,
      "31": 2,
      "32": 2,
      "33": 2,
      "34": 2,
      "35": 2,
      "36": 2,
      "37": 2,
      "38": 2,
      "39": 1,
      "40": 1,
      "41": 1,
      "42": 1,
      "43": 1,
      "44": 1,
      "45": 1,
      "46": 1,
      "47": 1,
      "48": 1
    },
    "branchMap": {
      "0": {
        "type": "branch",
        "line": 1,
        "loc": { "start": { "line": 1, "column": 0 }, "end": { "line": 49, "column": 97 } },
        "locations": [{ "start": { "line": 1, "column": 0 }, "end": { "line": 49, "column": 97 } }]
      },
      "1": {
        "type": "branch",
        "line": 5,
        "loc": { "start": { "line": 5, "column": 0 }, "end": { "line": 10, "column": 1 } },
        "locations": [{ "start": { "line": 5, "column": 0 }, "end": { "line": 10, "column": 1 } }]
      },
      "2": {
        "type": "branch",
        "line": 12,
        "loc": { "start": { "line": 12, "column": 0 }, "end": { "line": 20, "column": 1 } },
        "locations": [{ "start": { "line": 12, "column": 0 }, "end": { "line": 20, "column": 1 } }]
      },
      "3": {
        "type": "branch",
        "line": 14,
        "loc": { "start": { "line": 14, "column": 10 }, "end": { "line": 18, "column": 3 } },
        "locations": [{ "start": { "line": 14, "column": 10 }, "end": { "line": 18, "column": 3 } }]
      },
      "4": {
        "type": "branch",
        "line": 19,
        "loc": { "start": { "line": 19, "column": -1 }, "end": { "line": 20, "column": 0 } },
        "locations": [{ "start": { "line": 19, "column": -1 }, "end": { "line": 20, "column": 0 } }]
      },
      "5": {
        "type": "branch",
        "line": 22,
        "loc": { "start": { "line": 22, "column": 0 }, "end": { "line": 30, "column": 1 } },
        "locations": [{ "start": { "line": 22, "column": 0 }, "end": { "line": 30, "column": 1 } }]
      },
      "6": {
        "type": "branch",
        "line": 24,
        "loc": { "start": { "line": 24, "column": 10 }, "end": { "line": 30, "column": 0 } },
        "locations": [{ "start": { "line": 24, "column": 10 }, "end": { "line": 30, "column": 0 } }]
      },
      "7": {
        "type": "branch",
        "line": 32,
        "loc": { "start": { "line": 32, "column": 0 }, "end": { "line": 39, "column": 1 } },
        "locations": [{ "start": { "line": 32, "column": 0 }, "end": { "line": 39, "column": 1 } }]
      },
      "8": {
        "type": "branch",
        "line": 41,
        "loc": { "start": { "line": 41, "column": 0 }, "end": { "line": 43, "column": 1 } },
        "locations": [{ "start": { "line": 41, "column": 0 }, "end": { "line": 43, "column": 1 } }]
      },
      "9": {
        "type": "branch",
        "line": 45,
        "loc": { "start": { "line": 45, "column": 0 }, "end": { "line": 47, "column": 1 } },
        "locations": [{ "start": { "line": 45, "column": 0 }, "end": { "line": 47, "column": 1 } }]
      }
    },
    "b": {
      "0": [1],
      "1": [7],
      "2": [4],
      "3": [1],
      "4": [3],
      "5": [2],
      "6": [1],
      "7": [2],
      "8": [1],
      "9": [1]
    },
    "fnMap": {
      "0": {
        "name": "toCName",
        "decl": { "start": { "line": 5, "column": 0 }, "end": { "line": 10, "column": 1 } },
        "loc": { "start": { "line": 5, "column": 0 }, "end": { "line": 10, "column": 1 } },
        "line": 5
      },
      "1": {
        "name": "splitFqn",
        "decl": { "start": { "line": 12, "column": 0 }, "end": { "line": 20, "column": 1 } },
        "loc": { "start": { "line": 12, "column": 0 }, "end": { "line": 20, "column": 1 } },
        "line": 12
      },
      "2": {
        "name": "structFromRef",
        "decl": { "start": { "line": 22, "column": 0 }, "end": { "line": 30, "column": 1 } },
        "loc": { "start": { "line": 22, "column": 0 }, "end": { "line": 30, "column": 1 } },
        "line": 22
      },
      "3": {
        "name": "namespacesOf",
        "decl": { "start": { "line": 32, "column": 0 }, "end": { "line": 39, "column": 1 } },
        "loc": { "start": { "line": 32, "column": 0 }, "end": { "line": 39, "column": 1 } },
        "line": 32
      },
      "4": {
        "name": "targetName",
        "decl": { "start": { "line": 41, "column": 0 }, "end": { "line": 43, "column": 1 } },
        "loc": { "start": { "line": 41, "column": 0 }, "end": { "line": 43, "column": 1 } },
        "line": 41
      },
      "5": {
        "name": "schemaTargetName",
        "decl": { "start": { "line": 45, "column": 0 }, "end": { "line": 47, "column": 1 } },
        "loc": { "start": { "line": 45, "column": 0 }, "end": { "line": 47, "column": 1 } },
        "line": 45
      }
    },
    "f": { "0": 7, "1": 4, "2": 2, "3": 2, "4": 1, "5": 1 }
  }
}
